
Circuit 1 cell sky130_fd_pr__pfet_g5v0d10v5 and Circuit 2 cell sky130_fd_pr__pfet_g5v0d10v5 are black boxes.
Warning: Equate pins:  cell sky130_fd_pr__pfet_g5v0d10v5 is a placeholder, treated as a black box.
Warning: Equate pins:  cell sky130_fd_pr__pfet_g5v0d10v5 is a placeholder, treated as a black box.

Subcircuit pins:
Circuit 1: sky130_fd_pr__pfet_g5v0d10v5    |Circuit 2: sky130_fd_pr__pfet_g5v0d10v5    
-------------------------------------------|-------------------------------------------
1                                          |1                                          
2                                          |2                                          
3                                          |3                                          
4                                          |4                                          
---------------------------------------------------------------------------------------
Cell pin lists are equivalent.
Device classes sky130_fd_pr__pfet_g5v0d10v5 and sky130_fd_pr__pfet_g5v0d10v5 are equivalent.

Circuit 1 cell sky130_fd_pr__nfet_g5v0d10v5 and Circuit 2 cell sky130_fd_pr__nfet_g5v0d10v5 are black boxes.
Warning: Equate pins:  cell sky130_fd_pr__nfet_g5v0d10v5 is a placeholder, treated as a black box.
Warning: Equate pins:  cell sky130_fd_pr__nfet_g5v0d10v5 is a placeholder, treated as a black box.

Subcircuit pins:
Circuit 1: sky130_fd_pr__nfet_g5v0d10v5    |Circuit 2: sky130_fd_pr__nfet_g5v0d10v5    
-------------------------------------------|-------------------------------------------
1                                          |1                                          
2                                          |2                                          
3                                          |3                                          
4                                          |4                                          
---------------------------------------------------------------------------------------
Cell pin lists are equivalent.
Device classes sky130_fd_pr__nfet_g5v0d10v5 and sky130_fd_pr__nfet_g5v0d10v5 are equivalent.

Circuit 1 cell sky130_fd_pr__diode_pw2nd_05v5 and Circuit 2 cell sky130_fd_pr__diode_pw2nd_05v5 are black boxes.
Warning: Equate pins:  cell sky130_fd_pr__diode_pw2nd_05v5 is a placeholder, treated as a black box.
Warning: Equate pins:  cell sky130_fd_pr__diode_pw2nd_05v5 is a placeholder, treated as a black box.

Subcircuit pins:
Circuit 1: sky130_fd_pr__diode_pw2nd_05v5  |Circuit 2: sky130_fd_pr__diode_pw2nd_05v5  
-------------------------------------------|-------------------------------------------
1                                          |1                                          
2                                          |2                                          
---------------------------------------------------------------------------------------
Cell pin lists are equivalent.
Device classes sky130_fd_pr__diode_pw2nd_05v5 and sky130_fd_pr__diode_pw2nd_05v5 are equivalent.

Circuit 1 cell sky130_fd_pr__nfet_01v8 and Circuit 2 cell sky130_fd_pr__nfet_01v8 are black boxes.
Warning: Equate pins:  cell sky130_fd_pr__nfet_01v8 is a placeholder, treated as a black box.
Warning: Equate pins:  cell sky130_fd_pr__nfet_01v8 is a placeholder, treated as a black box.

Subcircuit pins:
Circuit 1: sky130_fd_pr__nfet_01v8         |Circuit 2: sky130_fd_pr__nfet_01v8         
-------------------------------------------|-------------------------------------------
1                                          |1                                          
2                                          |2                                          
3                                          |3                                          
4                                          |4                                          
---------------------------------------------------------------------------------------
Cell pin lists are equivalent.
Device classes sky130_fd_pr__nfet_01v8 and sky130_fd_pr__nfet_01v8 are equivalent.

Circuit 1 cell sky130_fd_pr__pfet_01v8 and Circuit 2 cell sky130_fd_pr__pfet_01v8 are black boxes.
Warning: Equate pins:  cell sky130_fd_pr__pfet_01v8 is a placeholder, treated as a black box.
Warning: Equate pins:  cell sky130_fd_pr__pfet_01v8 is a placeholder, treated as a black box.

Subcircuit pins:
Circuit 1: sky130_fd_pr__pfet_01v8         |Circuit 2: sky130_fd_pr__pfet_01v8         
-------------------------------------------|-------------------------------------------
1                                          |1                                          
2                                          |2                                          
3                                          |3                                          
4                                          |4                                          
---------------------------------------------------------------------------------------
Cell pin lists are equivalent.
Device classes sky130_fd_pr__pfet_01v8 and sky130_fd_pr__pfet_01v8 are equivalent.

Circuit 1 cell sky130_fd_pr__res_xhigh_po_1p41 and Circuit 2 cell sky130_fd_pr__res_xhigh_po_1p41 are black boxes.
Warning: Equate pins:  cell sky130_fd_pr__res_xhigh_po_1p41 is a placeholder, treated as a black box.
Warning: Equate pins:  cell sky130_fd_pr__res_xhigh_po_1p41 is a placeholder, treated as a black box.

Subcircuit pins:
Circuit 1: sky130_fd_pr__res_xhigh_po_1p41 |Circuit 2: sky130_fd_pr__res_xhigh_po_1p41 
-------------------------------------------|-------------------------------------------
1                                          |1                                          
2                                          |2                                          
3                                          |3                                          
---------------------------------------------------------------------------------------
Cell pin lists are equivalent.
Device classes sky130_fd_pr__res_xhigh_po_1p41 and sky130_fd_pr__res_xhigh_po_1p41 are equivalent.
Flattening unmatched subcell sky130_fd_pr__nfet_g5v0d10v5_69BJMM in circuit trans_gate (0)(1 instance)
Flattening unmatched subcell sky130_fd_pr__pfet_g5v0d10v5_E7V9VM in circuit trans_gate (0)(1 instance)

Subcircuit summary:
Circuit 1: trans_gate                      |Circuit 2: trans_gate                      
-------------------------------------------|-------------------------------------------
sky130_fd_pr__nfet_g5v0d10v5 (1)           |sky130_fd_pr__nfet_g5v0d10v5 (1)           
sky130_fd_pr__pfet_g5v0d10v5 (1)           |sky130_fd_pr__pfet_g5v0d10v5 (1)           
Number of devices: 2                       |Number of devices: 2                       
Number of nets: 6                          |Number of nets: 6                          
---------------------------------------------------------------------------------------
Resolving symmetries by property value.
Resolving symmetries by pin name.
Netlists match uniquely.

Subcircuit pins:
Circuit 1: trans_gate                      |Circuit 2: trans_gate                      
-------------------------------------------|-------------------------------------------
in                                         |in                                         
out                                        |out                                        
ena                                        |ena                                        
vss                                        |vss                                        
ena_b                                      |ena_b                                      
avdd                                       |avdd                                       
---------------------------------------------------------------------------------------
Cell pin lists are equivalent.
Device classes trans_gate and trans_gate are equivalent.
Flattening unmatched subcell sky130_fd_pr__pfet_g5v0d10v5_YHAZV5 in circuit ov_level_shifter (0)(2 instances)
Flattening unmatched subcell sky130_fd_pr__diode_pw2nd_05v5_37RBXE in circuit ov_level_shifter (0)(1 instance)
Flattening unmatched subcell sky130_fd_pr__nfet_g5v0d10v5_EEVBR7 in circuit ov_level_shifter (0)(2 instances)
Flattening unmatched subcell sky130_fd_pr__nfet_01v8_MG6U6H in circuit ov_level_shifter (0)(1 instance)
Flattening unmatched subcell sky130_fd_pr__pfet_01v8_J2L9Q3 in circuit ov_level_shifter (0)(1 instance)

Subcircuit summary:
Circuit 1: ov_level_shifter                |Circuit 2: ov_level_shifter                
-------------------------------------------|-------------------------------------------
sky130_fd_pr__pfet_g5v0d10v5 (2)           |sky130_fd_pr__pfet_g5v0d10v5 (2)           
sky130_fd_pr__diode_pw2nd_05v5 (1)         |sky130_fd_pr__diode_pw2nd_05v5 (1)         
sky130_fd_pr__nfet_g5v0d10v5 (2)           |sky130_fd_pr__nfet_g5v0d10v5 (2)           
sky130_fd_pr__nfet_01v8 (1)                |sky130_fd_pr__nfet_01v8 (1)                
sky130_fd_pr__pfet_01v8 (1)                |sky130_fd_pr__pfet_01v8 (1)                
Number of devices: 7                       |Number of devices: 7                       
Number of nets: 8                          |Number of nets: 8                          
---------------------------------------------------------------------------------------
Netlists match uniquely.

Subcircuit pins:
Circuit 1: ov_level_shifter                |Circuit 2: ov_level_shifter                
-------------------------------------------|-------------------------------------------
M2                                         |dvdd **Mismatch**                          
in                                         |in                                         
avdd                                       |avdd                                       
avss                                       |avss                                       
dvss                                       |dvss                                       
out_b                                      |out_b                                      
out                                        |out                                        
---------------------------------------------------------------------------------------
Cell pin lists for ov_level_shifter and ov_level_shifter altered to match.
Device classes ov_level_shifter and ov_level_shifter are equivalent.
Flattening unmatched subcell sky130_fd_pr__diode_pw2nd_05v5_F6RBXN in circuit ov_multiplexer (0)(12 instances)
Flattening unmatched subcell trans_gate_m in circuit ov_multiplexer (0)(30 instances)
Flattening unmatched subcell sky130_fd_pr__pfet_g5v0d10v5_6H9SQ3 in circuit ov_multiplexer (0)(30 instances)
Flattening unmatched subcell sky130_fd_pr__nfet_g5v0d10v5_CY564Z in circuit ov_multiplexer (0)(30 instances)
Flattening unmatched subcell trans_gate_mux in circuit ov_multiplexer (1)(30 instances)

Class ov_multiplexer (0):  Merged 4 parallel devices.
Class ov_multiplexer (1):  Merged 4 parallel devices.
Subcircuit summary:
Circuit 1: ov_multiplexer                  |Circuit 2: ov_multiplexer                  
-------------------------------------------|-------------------------------------------
sky130_fd_pr__diode_pw2nd_05v5 (12->8)     |sky130_fd_pr__diode_pw2nd_05v5 (12->8)     
sky130_fd_pr__pfet_g5v0d10v5 (30)          |sky130_fd_pr__pfet_g5v0d10v5 (30)          
sky130_fd_pr__nfet_g5v0d10v5 (30)          |sky130_fd_pr__nfet_g5v0d10v5 (30)          
Number of devices: 68                      |Number of devices: 68                      
Number of nets: 41                         |Number of nets: 41                         
---------------------------------------------------------------------------------------
Resolving symmetries by property value.
Resolving symmetries by pin name.
Netlists match uniquely.

Subcircuit pins:
Circuit 1: ov_multiplexer                  |Circuit 2: ov_multiplexer                  
-------------------------------------------|-------------------------------------------
out                                        |out                                        
vtrip_3_b                                  |vtrip_3_b                                  
vtrip_3                                    |vtrip_3                                    
in_1100                                    |in_1100                                    
in_1101                                    |in_1101                                    
in_1111                                    |in_1111                                    
in_0000                                    |in_0000                                    
in_1110                                    |in_1110                                    
in_0001                                    |in_0001                                    
in_1010                                    |in_1010                                    
in_0100                                    |in_0100                                    
in_1011                                    |in_1011                                    
in_0101                                    |in_0101                                    
in_0111                                    |in_0111                                    
in_1001                                    |in_1001                                    
in_0110                                    |in_0110                                    
in_1000                                    |in_1000                                    
in_0011                                    |in_0011                                    
in_0010                                    |in_0010                                    
avdd                                       |avdd                                       
vtrip_2                                    |vtrip_2                                    
vtrip_2_b                                  |vtrip_2_b                                  
vtrip_1_b                                  |vtrip_1_b                                  
vtrip_1                                    |vtrip_1                                    
vtrip_0                                    |vtrip_0                                    
vtrip_0_b                                  |vtrip_0_b                                  
vss                                        |vss                                        
---------------------------------------------------------------------------------------
Cell pin lists are equivalent.
Device classes ov_multiplexer and ov_multiplexer are equivalent.
Flattening unmatched subcell sky130_fd_pr__res_xhigh_po_1p41_LV9PDH in circuit ov_voltage_divider (0)(2 instances)
Flattening unmatched subcell sky130_fd_pr__res_xhigh_po_1p41_H3F4MM in circuit ov_voltage_divider (0)(1 instance)
Flattening unmatched subcell sky130_fd_pr__nfet_g5v0d10v5_SB5CJ8 in circuit ov_voltage_divider (0)(1 instance)
Flattening unmatched subcell sky130_fd_pr__diode_pw2nd_05v5_F6RBXN in circuit ov_voltage_divider (0)(1 instance)

Class ov_voltage_divider (0):  Merged 101 parallel devices.
Class ov_voltage_divider (0):  Merged 121 series devices.
Class ov_voltage_divider (1):  Merged 1 parallel devices.
Class ov_voltage_divider (1):  Merged 121 series devices.
Subcircuit summary:
Circuit 1: ov_voltage_divider              |Circuit 2: ov_voltage_divider              
-------------------------------------------|-------------------------------------------
sky130_fd_pr__res_xhigh_po_1p41 (240->18)  |sky130_fd_pr__res_xhigh_po_1p41 (240->18)  
sky130_fd_pr__nfet_g5v0d10v5 (1)           |sky130_fd_pr__nfet_g5v0d10v5 (1)           
sky130_fd_pr__diode_pw2nd_05v5 (1)         |sky130_fd_pr__diode_pw2nd_05v5 (1)         
Number of devices: 20                      |Number of devices: 20                      
Number of nets: 20                         |Number of nets: 20                         
---------------------------------------------------------------------------------------
Netlists match uniquely.

Subcircuit pins:
Circuit 1: ov_voltage_divider              |Circuit 2: ov_voltage_divider              
-------------------------------------------|-------------------------------------------
avdd                                       |avdd                                       
ena                                        |ena                                        
out_1111                                   |out_1111                                   
out_0001                                   |out_0001                                   
out_1110                                   |out_1110                                   
out_1100                                   |out_1100                                   
out_1011                                   |out_1011                                   
out_0101                                   |out_0101                                   
out_1010                                   |out_1010                                   
out_1001                                   |out_1001                                   
out_0111                                   |out_0111                                   
out_1000                                   |out_1000                                   
out_0110                                   |out_0110                                   
out_0100                                   |out_0100                                   
out_1101                                   |out_1101                                   
out_0011                                   |out_0011                                   
out_0010                                   |out_0010                                   
out_0000                                   |out_0000                                   
avss                                       |avss                                       
---------------------------------------------------------------------------------------
Cell pin lists are equivalent.
Device classes ov_voltage_divider and ov_voltage_divider are equivalent.
Flattening unmatched subcell sky130_fd_pr__pfet_01v8_XTWSDC in circuit comp_hyst (0)(9 instances)
Flattening unmatched subcell sky130_fd_pr__nfet_01v8_7ZF23Z in circuit comp_hyst (0)(2 instances)
Flattening unmatched subcell sky130_fd_pr__nfet_01v8_V433WY in circuit comp_hyst (0)(4 instances)
Flattening unmatched subcell sky130_fd_pr__pfet_01v8_C2YSV5 in circuit comp_hyst (0)(3 instances)
Flattening unmatched subcell sky130_fd_pr__pfet_01v8_J2L9E5 in circuit comp_hyst (0)(20 instances)
Flattening unmatched subcell sky130_fd_pr__pfet_01v8_GGMWVD in circuit comp_hyst (0)(5 instances)
Flattening unmatched subcell sky130_fd_pr__pfet_01v8_CDT3CS in circuit comp_hyst (0)(3 instances)
Flattening unmatched subcell sky130_fd_pr__nfet_g5v0d10v5_CD9S2Z in circuit comp_hyst (0)(4 instances)
Flattening unmatched subcell sky130_fd_pr__diode_pw2nd_05v5_F6RBXN in circuit comp_hyst (0)(3 instances)
Flattening unmatched subcell sky130_fd_pr__pfet_01v8_3HBZVM in circuit comp_hyst (0)(1 instance)
Flattening unmatched subcell sky130_fd_pr__nfet_01v8_697RXD in circuit comp_hyst (0)(1 instance)
Flattening unmatched subcell sky130_fd_pr__nfet_g5v0d10v5_4T6WVE in circuit comp_hyst (0)(8 instances)
Flattening unmatched subcell sky130_fd_pr__nfet_g5v0d10v5_6975WM in circuit comp_hyst (0)(4 instances)
Flattening unmatched subcell sky130_fd_pr__nfet_g5v0d10v5_DEN7YK in circuit comp_hyst (0)(2 instances)
Flattening unmatched subcell sky130_fd_pr__pfet_01v8_G3L97A in circuit comp_hyst (0)(2 instances)
Flattening unmatched subcell sky130_fd_pr__nfet_01v8_C8TQ3N in circuit comp_hyst (0)(1 instance)

Class comp_hyst (0):  Merged 48 parallel devices.
Class comp_hyst (1):  Merged 48 parallel devices.
Subcircuit summary:
Circuit 1: comp_hyst                       |Circuit 2: comp_hyst                       
-------------------------------------------|-------------------------------------------
sky130_fd_pr__pfet_01v8 (43->10)           |sky130_fd_pr__pfet_01v8 (43->10)           
sky130_fd_pr__nfet_01v8 (8)                |sky130_fd_pr__nfet_01v8 (8)                
trans_gate (1)                             |trans_gate (1)                             
sky130_fd_pr__nfet_g5v0d10v5 (18->3)       |sky130_fd_pr__nfet_g5v0d10v5 (18->3)       
sky130_fd_pr__diode_pw2nd_05v5 (3)         |sky130_fd_pr__diode_pw2nd_05v5 (3)         
Number of devices: 25                      |Number of devices: 25                      
Number of nets: 13                         |Number of nets: 13                         
---------------------------------------------------------------------------------------
Netlists match uniquely.

Subcircuit pins:
Circuit 1: comp_hyst                       |Circuit 2: comp_hyst                       
-------------------------------------------|-------------------------------------------
vin                                        |vin                                        
vref                                       |vref                                       
ibias                                      |ibias                                      
ena                                        |ena                                        
out                                        |out                                        
dvss                                       |dvss                                       
dvdd                                       |dvdd                                       
---------------------------------------------------------------------------------------
Cell pin lists are equivalent.
Device classes comp_hyst and comp_hyst are equivalent.

Subcircuit summary:
Circuit 1: sky130_vbl_ip__overvoltage      |Circuit 2: sky130_vbl_ip__overvoltage      
-------------------------------------------|-------------------------------------------
ov_level_shifter (4)                       |ov_level_shifter (4)                       
ov_multiplexer (1)                         |ov_multiplexer (1)                         
ov_voltage_divider (1)                     |ov_voltage_divider (1)                     
comp_hyst (1)                              |comp_hyst (1)                              
Number of devices: 7                       |Number of devices: 7                       
Number of nets: 37                         |Number of nets: 37                         
---------------------------------------------------------------------------------------
Netlists match uniquely.

Subcircuit pins:
Circuit 1: sky130_vbl_ip__overvoltage      |Circuit 2: sky130_vbl_ip__overvoltage      
-------------------------------------------|-------------------------------------------
avdd                                       |avdd                                       
avss                                       |avss                                       
dvdd                                       |dvdd                                       
dvss                                       |dvss                                       
ena                                        |ena                                        
ovout                                      |ovout                                      
vbg                                        |vbg                                        
ibias                                      |ibias                                      
vtrip[3]                                   |vtrip[3]                                   
vtrip[2]                                   |vtrip[2]                                   
vtrip[1]                                   |vtrip[1]                                   
vtrip[0]                                   |vtrip[0]                                   
---------------------------------------------------------------------------------------
Cell pin lists are equivalent.
Device classes sky130_vbl_ip__overvoltage and sky130_vbl_ip__overvoltage are equivalent.

Final result: Circuits match uniquely.
.
